<?xml version="1.0" encoding="UTF-8"?>
<testng-results ignored="0" total="1" passed="1" failed="0" skipped="0">
  <reporter-output>
  </reporter-output>
  <suite started-at="2024-04-08T18:29:42 IST" name="Default suite" finished-at="2024-04-08T18:29:59 IST" duration-ms="17603">
    <groups>
    </groups>
    <test started-at="2024-04-08T18:29:42 IST" name="Default test" finished-at="2024-04-08T18:29:59 IST" duration-ms="17603">
      <class name="AdminModule.AddNewRestaurantCategoryTest">
        <test-method signature="addRestaurantCategory()[pri:0, instance:AdminModule.AddNewRestaurantCategoryTest@6b927fb]" started-at="2024-04-08T18:29:42 IST" name="addRestaurantCategory" finished-at="2024-04-08T18:29:59 IST" duration-ms="17512" status="PASS">
          <reporter-output>
          </reporter-output>
        </test-method> <!-- addRestaurantCategory -->
      </class> <!-- AdminModule.AddNewRestaurantCategoryTest -->
    </test> <!-- Default test -->
  </suite> <!-- Default suite -->
</testng-results>
