<?xml version="1.0" encoding="UTF-8"?>
<testng-results ignored="0" total="2" passed="2" failed="0" skipped="0">
  <reporter-output>
    <line>
      <![CDATA[------DB connected-----]]>
    </line>
    <line>
      <![CDATA[------Launched the Browser-----]]>
    </line>
    <line>
      <![CDATA[------Logged in to Application-----]]>
    </line>
    <line>
      <![CDATA[------Logged out of the Application-----]]>
    </line>
    <line>
      <![CDATA[------Browser Closed-----]]>
    </line>
    <line>
      <![CDATA[------Launched the Browser-----]]>
    </line>
    <line>
      <![CDATA[------Logged in to Application-----]]>
    </line>
    <line>
      <![CDATA[------Logged out of the Application-----]]>
    </line>
    <line>
      <![CDATA[------Browser Closed-----]]>
    </line>
    <line>
      <![CDATA[------Closed DB conection-----]]>
    </line>
  </reporter-output>
  <suite started-at="2024-04-17T17:54:18 IST" name="Suite" finished-at="2024-04-17T17:54:55 IST" duration-ms="36887">
    <groups>
      <group name="smoke">
        <method signature="ParallelMethodsExecution.addItemToCart()[pri:0, instance:UserModule.ParallelMethodsExecution@351d00c0]" name="addItemToCart" class="UserModule.ParallelMethodsExecution"/>
      </group> <!-- smoke -->
    </groups>
    <test started-at="2024-04-17T17:54:18 IST" name="Test" finished-at="2024-04-17T17:54:55 IST" duration-ms="36887">
      <class name="UserModule.ParallelMethodsExecution">
        <test-method is-config="true" signature="connectDB()[pri:0, instance:UserModule.ParallelMethodsExecution@351d00c0]" started-at="2024-04-17T17:54:17 IST" name="connectDB" finished-at="2024-04-17T17:54:18 IST" duration-ms="1223" status="PASS">
          <reporter-output>
            <line>
              <![CDATA[------DB connected-----]]>
            </line>
          </reporter-output>
        </test-method> <!-- connectDB -->
        <test-method is-config="true" signature="loginToApplication()[pri:0, instance:UserModule.ParallelMethodsExecution@351d00c0]" started-at="2024-04-17T17:54:18 IST" name="loginToApplication" finished-at="2024-04-17T17:54:30 IST" duration-ms="11362" status="PASS">
          <reporter-output>
            <line>
              <![CDATA[------Launched the Browser-----]]>
            </line>
            <line>
              <![CDATA[------Logged in to Application-----]]>
            </line>
          </reporter-output>
        </test-method> <!-- loginToApplication -->
        <test-method signature="addItemToCart()[pri:0, instance:UserModule.ParallelMethodsExecution@351d00c0]" started-at="2024-04-17T17:54:30 IST" name="addItemToCart" finished-at="2024-04-17T17:54:39 IST" duration-ms="9054" status="PASS">
          <reporter-output>
          </reporter-output>
        </test-method> <!-- addItemToCart -->
        <test-method is-config="true" signature="logoutOfApplication()[pri:0, instance:UserModule.ParallelMethodsExecution@351d00c0]" started-at="2024-04-17T17:54:39 IST" name="logoutOfApplication" finished-at="2024-04-17T17:54:39 IST" duration-ms="781" status="PASS">
          <reporter-output>
            <line>
              <![CDATA[------Logged out of the Application-----]]>
            </line>
            <line>
              <![CDATA[------Browser Closed-----]]>
            </line>
          </reporter-output>
        </test-method> <!-- logoutOfApplication -->
        <test-method is-config="true" signature="loginToApplication()[pri:0, instance:UserModule.ParallelMethodsExecution@351d00c0]" started-at="2024-04-17T17:54:39 IST" name="loginToApplication" finished-at="2024-04-17T17:54:48 IST" duration-ms="8976" status="PASS">
          <reporter-output>
            <line>
              <![CDATA[------Launched the Browser-----]]>
            </line>
            <line>
              <![CDATA[------Logged in to Application-----]]>
            </line>
          </reporter-output>
        </test-method> <!-- loginToApplication -->
        <test-method signature="removeAnItemFromCart()[pri:0, instance:UserModule.ParallelMethodsExecution@351d00c0]" started-at="2024-04-17T17:54:48 IST" name="removeAnItemFromCart" finished-at="2024-04-17T17:54:54 IST" duration-ms="5908" status="PASS">
          <reporter-output>
          </reporter-output>
        </test-method> <!-- removeAnItemFromCart -->
        <test-method is-config="true" signature="logoutOfApplication()[pri:0, instance:UserModule.ParallelMethodsExecution@351d00c0]" started-at="2024-04-17T17:54:54 IST" name="logoutOfApplication" finished-at="2024-04-17T17:54:55 IST" duration-ms="698" status="PASS">
          <reporter-output>
            <line>
              <![CDATA[------Logged out of the Application-----]]>
            </line>
            <line>
              <![CDATA[------Browser Closed-----]]>
            </line>
          </reporter-output>
        </test-method> <!-- logoutOfApplication -->
        <test-method is-config="true" signature="disconnectDB()[pri:0, instance:UserModule.ParallelMethodsExecution@351d00c0]" started-at="2024-04-17T17:54:55 IST" name="disconnectDB" finished-at="2024-04-17T17:54:55 IST" duration-ms="15" status="PASS">
          <reporter-output>
            <line>
              <![CDATA[------Closed DB conection-----]]>
            </line>
          </reporter-output>
        </test-method> <!-- disconnectDB -->
      </class> <!-- UserModule.ParallelMethodsExecution -->
    </test> <!-- Test -->
  </suite> <!-- Suite -->
</testng-results>
